<?xml version="1.0" encoding="UTF-8"?>
<testsuite xmlns:xsi="http://www.w3.org/2001/XMLSchema-instance" xsi:noNamespaceSchemaLocation="https://maven.apache.org/surefire/maven-surefire-plugin/xsd/surefire-test-report-3.0.xsd" version="3.0" name="CalculatorTest" time="0.341" tests="8" errors="0" skipped="0" failures="0">
  <properties>
[...]
</properties>
  <testcase name="naturalLogNotEquals" classname="CalculatorTest" time="0.016">
    <system-out><![CDATA[Initializing Calculator Class
]]></system-out>
  </testcase>
  <testcase name="squareRootEquals" classname="CalculatorTest" time="0.001"/>
  <testcase name="powerEquals" classname="CalculatorTest" time="0.001"/>
  <testcase name="powerNotEquals" classname="CalculatorTest" time="0.001"/>
  <testcase name="naturalLogEquals" classname="CalculatorTest" time="0"/>
  <testcase name="squareRootNotEquals" classname="CalculatorTest" time="0.001"/>
  <testcase name="factorialNotEquals" classname="CalculatorTest" time="0.001"/>
  <testcase name="factorialEquals" classname="CalculatorTest" time="0"/>
</testsuite>